<?xml version="1.0" encoding="UTF-8"?>
<!-- Generated by org.testng.reporters.JUnitReportReporter -->
<testsuite hostname="DESKTOP-5G58M86" failures="0" tests="7" name="almosaferProject.almosaferTestCases" time="21.397" errors="0" timestamp="2023-12-15T00:44:18 EET" skipped="0">
  <testcase classname="almosaferProject.almosaferTestCases" name="checkWebsiteLanguage" time="0.044"/>
  <system-out/>
  <testcase classname="almosaferProject.almosaferTestCases" name="checkWebsiteCurrency" time="0.025"/>
  <system-out/>
  <testcase classname="almosaferProject.almosaferTestCases" name="checkWebsiteContactNumber" time="0.036"/>
  <system-out/>
  <testcase classname="almosaferProject.almosaferTestCases" name="checkQitafLogoDisplay" time="0.100"/>
  <system-out/>
  <testcase classname="almosaferProject.almosaferTestCases" name="checkHotelsTapSelection" time="0.026"/>
  <system-out/>
  <testcase classname="almosaferProject.almosaferTestCases" name="checkDeapartureAndArrivalDate" time="0.199"/>
  <system-out/>
  <testcase classname="almosaferProject.almosaferTestCases" name="checkSearchHotelsProcess" time="20.967"/>
  <system-out/>
</testsuite> <!-- almosaferProject.almosaferTestCases -->
