<?xml version="1.0" encoding="UTF-8"?>
<!-- Generated by org.testng.reporters.JUnitReportReporter -->
<testsuite hostname="DESKTOP-5G58M86" failures="0" tests="9" name="almosaferProjectPSUT.almosaferTestCases" time="4.753" errors="0" timestamp="2023-12-07T17:35:05 EET" skipped="7">
  <testcase classname="almosaferProjectPSUT.almosaferTestCases" name="chooseFirstAutocompleteResult" time="1.403"/>
  <system-out/>
  <testcase classname="almosaferProjectPSUT.almosaferTestCases" name="selectNumberOfRooms" time="3.350"/>
  <system-out/>
  <testcase classname="almosaferProjectPSUT.almosaferTestCases" name="checkTheCurrency">
    <skipped/>
  </testcase> <!-- checkTheCurrency -->
  <system-out/>
  <testcase classname="almosaferProjectPSUT.almosaferTestCases" name="checkChangingLanguage">
    <skipped/>
  </testcase> <!-- checkChangingLanguage -->
  <system-out/>
  <testcase classname="almosaferProjectPSUT.almosaferTestCases" name="checkTheLanguage">
    <skipped/>
  </testcase> <!-- checkTheLanguage -->
  <system-out/>
  <testcase classname="almosaferProjectPSUT.almosaferTestCases" name="checkFlightsDeapartureAndArrivalDate">
    <skipped/>
  </testcase> <!-- checkFlightsDeapartureAndArrivalDate -->
  <system-out/>
  <testcase classname="almosaferProjectPSUT.almosaferTestCases" name="checkHotelSearchTap">
    <skipped/>
  </testcase> <!-- checkHotelSearchTap -->
  <system-out/>
  <testcase classname="almosaferProjectPSUT.almosaferTestCases" name="checkTheContactNumber">
    <skipped/>
  </testcase> <!-- checkTheContactNumber -->
  <system-out/>
  <testcase classname="almosaferProjectPSUT.almosaferTestCases" name="checkQitafLogo">
    <skipped/>
  </testcase> <!-- checkQitafLogo -->
  <system-out/>
</testsuite> <!-- almosaferProjectPSUT.almosaferTestCases -->
