<?xml version="1.0" encoding="UTF-8"?>
<!-- Generated by org.testng.reporters.JUnitReportReporter -->
<testsuite hostname="DESKTOP-5G58M86" failures="0" tests="21" name="almosaferProject.almosaferTestCases" time="126.015" errors="0" timestamp="2023-12-26T01:03:49 EET" skipped="0">
  <testcase classname="almosaferProject.almosaferTestCases" name="checkWebsiteLanguage" time="0.634"/>
  <system-out/>
  <testcase classname="almosaferProject.almosaferTestCases" name="checkWebsiteLanguage" time="0.064"/>
  <system-out/>
  <testcase classname="almosaferProject.almosaferTestCases" name="checkWebsiteLanguage" time="0.089"/>
  <system-out/>
  <testcase classname="almosaferProject.almosaferTestCases" name="checkWebsiteCurrency" time="0.048"/>
  <system-out/>
  <testcase classname="almosaferProject.almosaferTestCases" name="checkWebsiteCurrency" time="0.085"/>
  <system-out/>
  <testcase classname="almosaferProject.almosaferTestCases" name="checkWebsiteCurrency" time="0.060"/>
  <system-out/>
  <testcase classname="almosaferProject.almosaferTestCases" name="checkWebsiteContactNumber" time="0.039"/>
  <system-out/>
  <testcase classname="almosaferProject.almosaferTestCases" name="checkWebsiteContactNumber" time="0.063"/>
  <system-out/>
  <testcase classname="almosaferProject.almosaferTestCases" name="checkWebsiteContactNumber" time="0.099"/>
  <system-out/>
  <testcase classname="almosaferProject.almosaferTestCases" name="checkQitafLogoDisplay" time="0.033"/>
  <system-out/>
  <testcase classname="almosaferProject.almosaferTestCases" name="checkQitafLogoDisplay" time="0.081"/>
  <system-out/>
  <testcase classname="almosaferProject.almosaferTestCases" name="checkQitafLogoDisplay" time="0.093"/>
  <system-out/>
  <testcase classname="almosaferProject.almosaferTestCases" name="checkHotelsTapSelection" time="0.155"/>
  <system-out/>
  <testcase classname="almosaferProject.almosaferTestCases" name="checkHotelsTapSelection" time="0.142"/>
  <system-out/>
  <testcase classname="almosaferProject.almosaferTestCases" name="checkHotelsTapSelection" time="0.116"/>
  <system-out/>
  <testcase classname="almosaferProject.almosaferTestCases" name="checkDeapartureAndArrivalDate" time="0.081"/>
  <system-out/>
  <testcase classname="almosaferProject.almosaferTestCases" name="checkDeapartureAndArrivalDate" time="2.015"/>
  <system-out/>
  <testcase classname="almosaferProject.almosaferTestCases" name="checkDeapartureAndArrivalDate" time="0.936"/>
  <system-out/>
  <testcase classname="almosaferProject.almosaferTestCases" name="checkSearchHotelsProcess" time="39.691"/>
  <system-out/>
  <testcase classname="almosaferProject.almosaferTestCases" name="checkSearchHotelsProcess" time="45.257"/>
  <system-out/>
  <testcase classname="almosaferProject.almosaferTestCases" name="checkSearchHotelsProcess" time="36.234"/>
  <system-out/>
</testsuite> <!-- almosaferProject.almosaferTestCases -->
