<?xml version="1.0" encoding="UTF-8"?>
<!-- Generated by org.testng.reporters.JUnitReportReporter -->
<testsuite hostname="DESKTOP-5G58M86" failures="0" tests="9" name="almosaferProject.almosaferTestCases" time="3.871" errors="0" timestamp="2023-12-07T21:14:09 EET" skipped="7">
  <testcase classname="almosaferProject.almosaferTestCases" name="selectNumberOfRoomsAndSearch" time="2.537"/>
  <system-out/>
  <testcase classname="almosaferProject.almosaferTestCases" name="chooseFirstAutocompleteResult" time="1.334"/>
  <system-out/>
  <testcase classname="almosaferProject.almosaferTestCases" name="checkHotelSearchTap">
    <skipped/>
  </testcase> <!-- checkHotelSearchTap -->
  <system-out/>
  <testcase classname="almosaferProject.almosaferTestCases" name="checkQitafLogo">
    <skipped/>
  </testcase> <!-- checkQitafLogo -->
  <system-out/>
  <testcase classname="almosaferProject.almosaferTestCases" name="checkTheCurrency">
    <skipped/>
  </testcase> <!-- checkTheCurrency -->
  <system-out/>
  <testcase classname="almosaferProject.almosaferTestCases" name="checkTheLanguage">
    <skipped/>
  </testcase> <!-- checkTheLanguage -->
  <system-out/>
  <testcase classname="almosaferProject.almosaferTestCases" name="checkFlightsDeapartureAndArrivalDate">
    <skipped/>
  </testcase> <!-- checkFlightsDeapartureAndArrivalDate -->
  <system-out/>
  <testcase classname="almosaferProject.almosaferTestCases" name="checkChangingLanguage">
    <skipped/>
  </testcase> <!-- checkChangingLanguage -->
  <system-out/>
  <testcase classname="almosaferProject.almosaferTestCases" name="checkTheContactNumber">
    <skipped/>
  </testcase> <!-- checkTheContactNumber -->
  <system-out/>
</testsuite> <!-- almosaferProject.almosaferTestCases -->
